# JRE version: OpenJDK Runtime Environment (11.0+28) (build 11+28)
# Java VM: OpenJDK 64-Bit Server VM (11+28, mixed mode, tiered, compressed oops, g1 gc, windows-amd64)
Heap:
 garbage-first heap   total 520192K, used 296498K [0x00000000e0000000, 0x0000000100000000)
  region size 1024K, 63 young (64512K), 13 survivors (13312K)
 Metaspace       used 72258K, capacity 73960K, committed 74644K, reserved 319488K
  class space    used 8711K, capacity 9318K, committed 9444K, reserved 253952K
GC Heap History (10 events):
Event: 8070.842 GC heap before
{Heap before GC invocations=138 (full 0):
 garbage-first heap   total 520192K, used 217088K [0x00000000e0000000, 0x0000000100000000)
  region size 1024K, 25 young (25600K), 4 survivors (4096K)
 Metaspace       used 71979K, capacity 73610K, committed 74388K, reserved 319488K
  class space    used 8685K, capacity 9271K, committed 9444K, reserved 253952K
}
Event: 8070.866 GC heap after
{Heap after GC invocations=139 (full 0):
 garbage-first heap   total 520192K, used 198656K [0x00000000e0000000, 0x0000000100000000)
  region size 1024K, 4 young (4096K), 4 survivors (4096K)
 Metaspace       used 71979K, capacity 73610K, committed 74388K, reserved 319488K
  class space    used 8685K, capacity 9271K, committed 9444K, reserved 253952K
}
Event: 8070.953 GC heap before
{Heap before GC invocations=139 (full 0):
 garbage-first heap   total 520192K, used 220160K [0x00000000e0000000, 0x0000000100000000)
  region size 1024K, 26 young (26624K), 4 survivors (4096K)
 Metaspace       used 71979K, capacity 73610K, committed 74388K, reserved 319488K
  class space    used 8685K, capacity 9271K, committed 9444K, reserved 253952K
}
Event: 8070.959 GC heap after
{Heap after GC invocations=140 (full 0):
 garbage-first heap   total 520192K, used 206765K [0x00000000e0000000, 0x0000000100000000)
  region size 1024K, 12 young (12288K), 12 survivors (12288K)
 Metaspace       used 71979K, capacity 73610K, committed 74388K, reserved 319488K
  class space    used 8685K, capacity 9271K, committed 9444K, reserved 253952K
}
Event: 8231.254 GC heap before
{Heap before GC invocations=141 (full 0):
 garbage-first heap   total 520192K, used 319405K [0x00000000e0000000, 0x0000000100000000)
  region size 1024K, 119 young (121856K), 12 survivors (12288K)
 Metaspace       used 72068K, capacity 73679K, committed 74388K, reserved 319488K
  class space    used 8693K, capacity 9284K, committed 9444K, reserved 253952K
}
Event: 8231.265 GC heap after
{Heap after GC invocations=142 (full 0):
 garbage-first heap   total 520192K, used 224451K [0x00000000e0000000, 0x0000000100000000)
  region size 1024K, 15 young (15360K), 15 survivors (15360K)
 Metaspace       used 72068K, capacity 73679K, committed 74388K, reserved 319488K
  class space    used 8693K, capacity 9284K, committed 9444K, reserved 253952K
}
Event: 8271.251 GC heap before
{Heap before GC invocations=142 (full 0):
 garbage-first heap   total 520192K, used 234691K [0x00000000e0000000, 0x0000000100000000)
  region size 1024K, 25 young (25600K), 15 survivors (15360K)
 Metaspace       used 72068K, capacity 73679K, committed 74388K, reserved 319488K
  class space    used 8693K, capacity 9284K, committed 9444K, reserved 253952K
}
Event: 8271.269 GC heap after
{Heap after GC invocations=143 (full 0):
 garbage-first heap   total 520192K, used 215167K [0x00000000e0000000, 0x0000000100000000)
  region size 1024K, 2 young (2048K), 2 survivors (2048K)
 Metaspace       used 72068K, capacity 73679K, committed 74388K, reserved 319488K
  class space    used 8693K, capacity 9284K, committed 9444K, reserved 253952K
}
Event: 8314.779 GC heap before
{Heap before GC invocations=143 (full 0):
 garbage-first heap   total 520192K, used 299135K [0x00000000e0000000, 0x0000000100000000)
  region size 1024K, 85 young (87040K), 2 survivors (2048K)
 Metaspace       used 72258K, capacity 73960K, committed 74644K, reserved 319488K
  class space    used 8711K, capacity 9318K, committed 9444K, reserved 253952K
}
Event: 8314.794 GC heap after
{Heap after GC invocations=144 (full 0):
 garbage-first heap   total 520192K, used 226866K [0x00000000e0000000, 0x0000000100000000)
  region size 1024K, 13 young (13312K), 13 survivors (13312K)
 Metaspace       used 72258K, capacity 73960K, committed 74644K, reserved 319488K
  class space    used 8711K, capacity 9318K, committed 9444K, reserved 253952K
}

